[0.036s] Invoking command in '/home/robot/Desktop/Session09/Johnny-Answers-Session09/build/cpp_turtle': CMAKE_PREFIX_PATH=/opt/ros/humble /usr/bin/cmake --build /home/robot/Desktop/Session09/Johnny-Answers-Session09/build/cpp_turtle -- -j6 -l6
[0.099s] -- Found ament_cmake: 1.3.9 (/opt/ros/humble/share/ament_cmake/cmake)
[0.364s] -- Found ament_lint_auto: 0.12.11 (/opt/ros/humble/share/ament_lint_auto/cmake)
[0.492s] -- Found rosidl_default_generators: 1.2.0 (/opt/ros/humble/share/rosidl_default_generators/cmake)
[0.494s] -- Using all available rosidl_typesupport_c: rosidl_typesupport_fastrtps_c;rosidl_typesupport_introspection_c
[0.501s] -- Found rosidl_adapter: 3.1.5 (/opt/ros/humble/share/rosidl_adapter/cmake)
[0.564s] -- Using all available rosidl_typesupport_cpp: rosidl_typesupport_fastrtps_cpp;rosidl_typesupport_introspection_cpp
[1.174s] -- Found ament_cmake_ros: 0.10.0 (/opt/ros/humble/share/ament_cmake_ros/cmake)
[1.558s] -- Using all available rosidl_typesupport_c: rosidl_typesupport_fastrtps_c;rosidl_typesupport_introspection_c
[2.069s] -- Using all available rosidl_typesupport_cpp: rosidl_typesupport_fastrtps_cpp;rosidl_typesupport_introspection_cpp
[2.117s] -- Found python_cmake_module: 0.10.0 (/opt/ros/humble/share/python_cmake_module/cmake)
[2.165s] -- Using PYTHON_EXECUTABLE: /usr/bin/python3
[2.165s] -- Using PYTHON_INCLUDE_DIRS: /usr/include/python3.10
[2.166s] -- Using PYTHON_LIBRARIES: /usr/lib/x86_64-linux-gnu/libpython3.10.so
[2.203s] -- Found rclcpp: 16.0.9 (/opt/ros/humble/share/rclcpp/cmake)
[2.308s] -- Found rmw_implementation_cmake: 6.1.2 (/opt/ros/humble/share/rmw_implementation_cmake/cmake)
[2.309s] -- Found rmw_fastrtps_cpp: 6.2.6 (/opt/ros/humble/share/rmw_fastrtps_cpp/cmake)
[2.556s] -- Using RMW implementation 'rmw_fastrtps_cpp' as default
[2.869s] -- Found rclcpp_action: 16.0.9 (/opt/ros/humble/share/rclcpp_action/cmake)
[2.922s] -- Found geometry_msgs: 4.2.4 (/opt/ros/humble/share/geometry_msgs/cmake)
[3.004s] -- Found sensor_msgs: 4.2.4 (/opt/ros/humble/share/sensor_msgs/cmake)
[3.166s] -- Found nav_msgs: 4.2.4 (/opt/ros/humble/share/nav_msgs/cmake)
[3.355s] -- Added test 'cppcheck' to perform static code analysis on C / C++ code
[3.375s] -- Configured cppcheck include dirs: /home/robot/Desktop/Session09/Johnny-Answers-Session09/src/cpp_turtle/include;$<BUILD_INTERFACE:/home/robot/Desktop/Session09/Johnny-Answers-Session09/src/cpp_turtle/include>
[3.375s] -- Configured cppcheck exclude dirs and/or files: 
[3.376s] -- Added test 'flake8' to check Python code syntax and style conventions
[3.376s] -- Added test 'lint_cmake' to check CMake code style
[3.377s] -- Added test 'pep257' to check Python code against some of the docstring style conventions in PEP 257
[3.380s] -- Added test 'uncrustify' to check C / C++ code style
[3.381s] -- Configured uncrustify additional arguments: 
[3.381s] -- Added test 'xmllint' to check XML markup files
[3.388s] -- Configuring done
[3.554s] -- Generating done
[3.567s] -- Build files have been written to: /home/robot/Desktop/Session09/Johnny-Answers-Session09/build/cpp_turtle
[3.641s] [35m[1mConsolidate compiler generated dependencies of target initNode[0m
[3.649s] [35m[1mConsolidate compiler generated dependencies of target cpp_turtle__rosidl_generator_c[0m
[3.684s] [35m[1mConsolidate compiler generated dependencies of target lap_time_action_client[0m
[3.689s] [35m[1mConsolidate compiler generated dependencies of target lap_time_action_server[0m
[3.712s] [  8%] Built target cpp_turtle__rosidl_generator_c
[3.722s] [ 12%] Built target initNode
[3.723s] [ 14%] Built target cpp_turtle__cpp
[3.773s] [35m[1mConsolidate compiler generated dependencies of target robot_driver[0m
[3.773s] [ 14%] Built target ament_cmake_python_copy_cpp_turtle
[3.796s] [35m[1mConsolidate compiler generated dependencies of target cpp_turtle__rosidl_typesupport_cpp[0m
[3.802s] [ 17%] [32m[1mLinking CXX executable lap_time_action_client[0m
[3.834s] [ 19%] [32m[1mLinking CXX executable lap_time_action_server[0m
[3.842s] [35m[1mConsolidate compiler generated dependencies of target cpp_turtle__rosidl_typesupport_fastrtps_c[0m
[3.893s] [ 27%] Built target cpp_turtle__rosidl_typesupport_cpp
[3.901s] [35m[1mConsolidate compiler generated dependencies of target cpp_turtle__rosidl_typesupport_introspection_c[0m
[3.950s] [ 36%] Built target cpp_turtle__rosidl_typesupport_fastrtps_c
[3.950s] [35m[1mConsolidate compiler generated dependencies of target cpp_turtle__rosidl_typesupport_c[0m
[3.969s] [ 38%] [32m[1mLinking CXX executable robot_driver[0m
[4.009s] [35m[1mConsolidate compiler generated dependencies of target cpp_turtle__rosidl_typesupport_fastrtps_cpp[0m
[4.013s] [ 46%] Built target cpp_turtle__rosidl_typesupport_introspection_c
[4.027s] [ 55%] Built target cpp_turtle__rosidl_typesupport_c
[4.125s] [ 63%] Built target cpp_turtle__rosidl_typesupport_fastrtps_cpp
[4.180s] [35m[1mConsolidate compiler generated dependencies of target cpp_turtle__rosidl_typesupport_introspection_cpp[0m
[4.395s] [ 72%] Built target cpp_turtle__rosidl_typesupport_introspection_cpp
[4.526s] [ 72%] Built target cpp_turtle
[4.702s] [ 74%] Built target cpp_turtle__py
[4.831s] [35m[1mConsolidate compiler generated dependencies of target cpp_turtle__rosidl_generator_py[0m
[4.975s] [ 80%] Built target cpp_turtle__rosidl_generator_py
[5.085s] [35m[1mConsolidate compiler generated dependencies of target cpp_turtle__rosidl_typesupport_introspection_c__pyext[0m
[5.102s] [35m[1mConsolidate compiler generated dependencies of target cpp_turtle__rosidl_typesupport_fastrtps_c__pyext[0m
[5.218s] [ 85%] Built target cpp_turtle__rosidl_typesupport_introspection_c__pyext
[5.218s] running egg_info
[5.218s] writing cpp_turtle.egg-info/PKG-INFO
[5.218s] writing dependency_links to cpp_turtle.egg-info/dependency_links.txt
[5.219s] writing top-level names to cpp_turtle.egg-info/top_level.txt
[5.219s] reading manifest file 'cpp_turtle.egg-info/SOURCES.txt'
[5.219s] writing manifest file 'cpp_turtle.egg-info/SOURCES.txt'
[5.227s] [ 89%] Built target cpp_turtle__rosidl_typesupport_fastrtps_c__pyext
[5.346s] [35m[1mConsolidate compiler generated dependencies of target cpp_turtle__rosidl_typesupport_c__pyext[0m
[5.375s] [ 89%] Built target ament_cmake_python_build_cpp_turtle_egg
[5.408s] /usr/bin/ld: CMakeFiles/lap_time_action_server.dir/src/lap_time_action_server.cpp.o: in function `rclcpp_action::Server<cpp_turtle::action::MeasureLapTime>::Server(std::shared_ptr<rclcpp::node_interfaces::NodeBaseInterface>, std::shared_ptr<rclcpp::node_interfaces::NodeClockInterface>, std::shared_ptr<rclcpp::node_interfaces::NodeLoggingInterface>, std::__cxx11::basic_string<char, std::char_traits<char>, std::allocator<char> > const&, rcl_action_server_options_s const&, std::function<rclcpp_action::GoalResponse (std::array<unsigned char, 16ul> const&, std::shared_ptr<cpp_turtle::action::MeasureLapTime_Goal_<std::allocator<void> > const>)>, std::function<rclcpp_action::CancelResponse (std::shared_ptr<rclcpp_action::ServerGoalHandle<cpp_turtle::action::MeasureLapTime> >)>, std::function<void (std::shared_ptr<rclcpp_action::ServerGoalHandle<cpp_turtle::action::MeasureLapTime> >)>)':
[5.408s] lap_time_action_server.cpp:(.text._ZN13rclcpp_action6ServerIN10cpp_turtle6action14MeasureLapTimeEEC2ESt10shared_ptrIN6rclcpp15node_interfaces17NodeBaseInterfaceEES5_INS7_18NodeClockInterfaceEES5_INS7_20NodeLoggingInterfaceEERKNSt7__cxx1112basic_stringIcSt11char_traitsIcESaIcEEERK27rcl_action_server_options_sSt8functionIFNS_12GoalResponseERKSt5arrayIhLm16EES5_IKNS2_20MeasureLapTime_Goal_ISaIvEEEEEESP_IFNS_14CancelResponseES5_INS_16ServerGoalHandleIS3_EEEEESP_IFvS15_EE[_ZN13rclcpp_action6ServerIN10cpp_turtle6action14MeasureLapTimeEEC5ESt10shared_ptrIN6rclcpp15node_interfaces17NodeBaseInterfaceEES5_INS7_18NodeClockInterfaceEES5_INS7_20NodeLoggingInterfaceEERKNSt7__cxx1112basic_stringIcSt11char_traitsIcESaIcEEERK27rcl_action_server_options_sSt8functionIFNS_12GoalResponseERKSt5arrayIhLm16EES5_IKNS2_20MeasureLapTime_Goal_ISaIvEEEEEESP_IFNS_14CancelResponseES5_INS_16ServerGoalHandleIS3_EEEEESP_IFvS15_EE]+0x5f): undefined reference to `rosidl_action_type_support_t const* rosidl_typesupport_cpp::get_action_type_support_handle<cpp_turtle::action::MeasureLapTime>()'
[5.524s] /usr/bin/ld: CMakeFiles/lap_time_action_client.dir/src/lap_time_action_client.cpp.o: in function `rclcpp_action::Client<cpp_turtle::action::MeasureLapTime>::Client(std::shared_ptr<rclcpp::node_interfaces::NodeBaseInterface>, std::shared_ptr<rclcpp::node_interfaces::NodeGraphInterface>, std::shared_ptr<rclcpp::node_interfaces::NodeLoggingInterface>, std::__cxx11::basic_string<char, std::char_traits<char>, std::allocator<char> > const&, rcl_action_client_options_s const&)':
[5.525s] lap_time_action_client.cpp:(.text._ZN13rclcpp_action6ClientIN10cpp_turtle6action14MeasureLapTimeEEC2ESt10shared_ptrIN6rclcpp15node_interfaces17NodeBaseInterfaceEES5_INS7_18NodeGraphInterfaceEES5_INS7_20NodeLoggingInterfaceEERKNSt7__cxx1112basic_stringIcSt11char_traitsIcESaIcEEERK27rcl_action_client_options_s[_ZN13rclcpp_action6ClientIN10cpp_turtle6action14MeasureLapTimeEEC5ESt10shared_ptrIN6rclcpp15node_interfaces17NodeBaseInterfaceEES5_INS7_18NodeGraphInterfaceEES5_INS7_20NodeLoggingInterfaceEERKNSt7__cxx1112basic_stringIcSt11char_traitsIcESaIcEEERK27rcl_action_client_options_s]+0x3b): undefined reference to `rosidl_action_type_support_t const* rosidl_typesupport_cpp::get_action_type_support_handle<cpp_turtle::action::MeasureLapTime>()'
[5.557s] [ 93%] Built target cpp_turtle__rosidl_typesupport_c__pyext
[5.565s] collect2: error: ld returned 1 exit status
[5.569s] gmake[2]: *** [CMakeFiles/lap_time_action_server.dir/build.make:200: lap_time_action_server] Error 1
[5.570s] gmake[1]: *** [CMakeFiles/Makefile2:650: CMakeFiles/lap_time_action_server.dir/all] Error 2
[5.570s] gmake[1]: *** Waiting for unfinished jobs....
[5.695s] collect2: error: ld returned 1 exit status
[5.698s] gmake[2]: *** [CMakeFiles/lap_time_action_client.dir/build.make:184: lap_time_action_client] Error 1
[5.700s] gmake[1]: *** [CMakeFiles/Makefile2:624: CMakeFiles/lap_time_action_client.dir/all] Error 2
[5.730s] [ 95%] Built target robot_driver
[5.730s] gmake: *** [Makefile:146: all] Error 2
[5.742s] Invoked command in '/home/robot/Desktop/Session09/Johnny-Answers-Session09/build/cpp_turtle' returned '2': CMAKE_PREFIX_PATH=/opt/ros/humble /usr/bin/cmake --build /home/robot/Desktop/Session09/Johnny-Answers-Session09/build/cpp_turtle -- -j6 -l6
