[0.028s] Invoking command in '/home/robot/Desktop/Session09/Johnny-Answers-Session09/build/cpp_turtle': CMAKE_PREFIX_PATH=/opt/ros/humble /usr/bin/cmake --build /home/robot/Desktop/Session09/Johnny-Answers-Session09/build/cpp_turtle -- -j6 -l6
[0.095s] -- Found ament_cmake: 1.3.9 (/opt/ros/humble/share/ament_cmake/cmake)
[0.349s] -- Found ament_lint_auto: 0.12.11 (/opt/ros/humble/share/ament_lint_auto/cmake)
[0.476s] -- Found rosidl_default_generators: 1.2.0 (/opt/ros/humble/share/rosidl_default_generators/cmake)
[0.480s] -- Using all available rosidl_typesupport_c: rosidl_typesupport_fastrtps_c;rosidl_typesupport_introspection_c
[0.484s] -- Found rosidl_adapter: 3.1.5 (/opt/ros/humble/share/rosidl_adapter/cmake)
[0.547s] -- Using all available rosidl_typesupport_cpp: rosidl_typesupport_fastrtps_cpp;rosidl_typesupport_introspection_cpp
[1.164s] -- Found ament_cmake_ros: 0.10.0 (/opt/ros/humble/share/ament_cmake_ros/cmake)
[1.545s] -- Using all available rosidl_typesupport_c: rosidl_typesupport_fastrtps_c;rosidl_typesupport_introspection_c
[2.051s] -- Using all available rosidl_typesupport_cpp: rosidl_typesupport_fastrtps_cpp;rosidl_typesupport_introspection_cpp
[2.098s] -- Found python_cmake_module: 0.10.0 (/opt/ros/humble/share/python_cmake_module/cmake)
[2.145s] -- Using PYTHON_EXECUTABLE: /usr/bin/python3
[2.145s] -- Using PYTHON_INCLUDE_DIRS: /usr/include/python3.10
[2.146s] -- Using PYTHON_LIBRARIES: /usr/lib/x86_64-linux-gnu/libpython3.10.so
[2.181s] -- Found rclcpp: 16.0.9 (/opt/ros/humble/share/rclcpp/cmake)
[2.279s] -- Found rmw_implementation_cmake: 6.1.2 (/opt/ros/humble/share/rmw_implementation_cmake/cmake)
[2.281s] -- Found rmw_fastrtps_cpp: 6.2.6 (/opt/ros/humble/share/rmw_fastrtps_cpp/cmake)
[2.516s] -- Using RMW implementation 'rmw_fastrtps_cpp' as default
[2.839s] -- Found rclcpp_action: 16.0.9 (/opt/ros/humble/share/rclcpp_action/cmake)
[2.898s] -- Found geometry_msgs: 4.2.4 (/opt/ros/humble/share/geometry_msgs/cmake)
[2.990s] -- Found sensor_msgs: 4.2.4 (/opt/ros/humble/share/sensor_msgs/cmake)
[3.155s] -- Found nav_msgs: 4.2.4 (/opt/ros/humble/share/nav_msgs/cmake)
[3.332s] -- Added test 'cppcheck' to perform static code analysis on C / C++ code
[3.354s] -- Configured cppcheck include dirs: /home/robot/Desktop/Session09/Johnny-Answers-Session09/src/cpp_turtle/include;$<BUILD_INTERFACE:/home/robot/Desktop/Session09/Johnny-Answers-Session09/src/cpp_turtle/include>
[3.354s] -- Configured cppcheck exclude dirs and/or files: 
[3.355s] -- Added test 'flake8' to check Python code syntax and style conventions
[3.356s] -- Added test 'lint_cmake' to check CMake code style
[3.357s] -- Added test 'pep257' to check Python code against some of the docstring style conventions in PEP 257
[3.361s] -- Added test 'uncrustify' to check C / C++ code style
[3.361s] -- Configured uncrustify additional arguments: 
[3.361s] -- Added test 'xmllint' to check XML markup files
[3.367s] -- Configuring done
[3.507s] -- Generating done
[3.526s] -- Build files have been written to: /home/robot/Desktop/Session09/Johnny-Answers-Session09/build/cpp_turtle
[3.608s] [35m[1mConsolidate compiler generated dependencies of target cpp_turtle__rosidl_generator_c[0m
[3.619s] [35m[1mConsolidate compiler generated dependencies of target initNode[0m
[3.710s] [  2%] [32mBuilding CXX object CMakeFiles/initNode.dir/src/initNode.cpp.o[0m
[3.710s] [  4%] Built target cpp_turtle__cpp
[3.710s] [  6%] [32mBuilding C object CMakeFiles/cpp_turtle__rosidl_generator_c.dir/rosidl_generator_c/cpp_turtle/action/detail/measure_lap_time__functions.c.o[0m
[3.732s] [  8%] [32mBuilding CXX object CMakeFiles/lap_time_action_client.dir/src/lap_time_action_client.cpp.o[0m
[3.762s] [  8%] Built target ament_cmake_python_copy_cpp_turtle
[3.769s] [ 10%] [32mBuilding CXX object CMakeFiles/lap_time_action_server.dir/src/lap_time_action_server.cpp.o[0m
[3.797s] [ 12%] [32mBuilding CXX object CMakeFiles/robot_driver.dir/src/robot_driver.cpp.o[0m
[3.822s] [35m[1mConsolidate compiler generated dependencies of target cpp_turtle__rosidl_typesupport_cpp[0m
[3.908s] [ 14%] [32mBuilding CXX object CMakeFiles/cpp_turtle__rosidl_typesupport_cpp.dir/rosidl_typesupport_cpp/cpp_turtle/action/measure_lap_time__type_support.cpp.o[0m
[4.353s] [ 17%] [32m[1mLinking CXX executable initNode[0m
[4.853s] [ 19%] [32mBuilding C object CMakeFiles/cpp_turtle__rosidl_generator_c.dir/rosidl_generator_c/cpp_turtle/srv/detail/find_wall__functions.c.o[0m
[4.933s] [ 19%] Built target initNode
[5.024s] [35m[1mConsolidate compiler generated dependencies of target cpp_turtle__rosidl_typesupport_fastrtps_cpp[0m
[5.137s] [ 21%] [32mBuilding CXX object CMakeFiles/cpp_turtle__rosidl_typesupport_fastrtps_cpp.dir/rosidl_typesupport_fastrtps_cpp/cpp_turtle/action/detail/dds_fastrtps/measure_lap_time__type_support.cpp.o[0m
[5.159s] [ 23%] [32m[1mLinking C shared library libcpp_turtle__rosidl_generator_c.so[0m
[5.500s] [ 25%] Built target cpp_turtle__rosidl_generator_c
[5.547s] In file included from [01m[K/home/robot/Desktop/Session09/Johnny-Answers-Session09/src/cpp_turtle/src/robot_driver.cpp:1[m[K:
[5.548s] [01m[K/home/robot/Desktop/Session09/Johnny-Answers-Session09/src/cpp_turtle/src/robot_driver.hpp:7:10:[m[K [01;31m[Kfatal error: [m[Kcpp_turtle/srv/find_wall.hpp: No such file or directory
[5.548s]     7 | #include [01;31m[K"cpp_turtle/srv/find_wall.hpp"[m[K
[5.548s]       |          [01;31m[K^~~~~~~~~~~~~~~~~~~~~~~~~~~~~~[m[K
[5.548s] compilation terminated.
[5.552s] gmake[2]: *** [CMakeFiles/robot_driver.dir/build.make:76: CMakeFiles/robot_driver.dir/src/robot_driver.cpp.o] Error 1
[5.569s] gmake[1]: *** [CMakeFiles/Makefile2:676: CMakeFiles/robot_driver.dir/all] Error 2
[5.569s] gmake[1]: *** Waiting for unfinished jobs....
[5.573s] [35m[1mConsolidate compiler generated dependencies of target cpp_turtle__rosidl_typesupport_introspection_cpp[0m
[5.613s] [ 27%] [32mBuilding CXX object CMakeFiles/cpp_turtle__rosidl_typesupport_fastrtps_cpp.dir/rosidl_typesupport_fastrtps_cpp/cpp_turtle/srv/detail/dds_fastrtps/find_wall__type_support.cpp.o[0m
[5.668s] [ 29%] [32mBuilding CXX object CMakeFiles/cpp_turtle__rosidl_typesupport_introspection_cpp.dir/rosidl_typesupport_introspection_cpp/cpp_turtle/action/detail/measure_lap_time__type_support.cpp.o[0m
[5.766s] In file included from [01m[K/home/robot/Desktop/Session09/Johnny-Answers-Session09/src/cpp_turtle/src/lap_time_action_server.cpp:1[m[K:
[5.766s] [01m[K/home/robot/Desktop/Session09/Johnny-Answers-Session09/src/cpp_turtle/src/lap_time_action_server.hpp:8:10:[m[K [01;31m[Kfatal error: [m[Kcpp_turtle/action/measure_lap_time.hpp: No such file or directory
[5.767s]     8 | #include [01;31m[K"cpp_turtle/action/measure_lap_time.hpp"[m[K
[5.767s]       |          [01;31m[K^~~~~~~~~~~~~~~~~~~~~~~~~~~~~~~~~~~~~~~~[m[K
[5.791s] compilation terminated.
[5.791s] gmake[2]: *** [CMakeFiles/lap_time_action_server.dir/build.make:76: CMakeFiles/lap_time_action_server.dir/src/lap_time_action_server.cpp.o] Error 1
[5.791s] gmake[1]: *** [CMakeFiles/Makefile2:650: CMakeFiles/lap_time_action_server.dir/all] Error 2
[5.792s] In file included from [01m[K/home/robot/Desktop/Session09/Johnny-Answers-Session09/src/cpp_turtle/src/lap_time_action_client.cpp:1[m[K:
[5.792s] [01m[K/home/robot/Desktop/Session09/Johnny-Answers-Session09/src/cpp_turtle/src/lap_time_action_client.hpp:7:10:[m[K [01;31m[Kfatal error: [m[Kcpp_turtle/action/measure_lap_time.hpp: No such file or directory
[5.792s]     7 | #include [01;31m[K"cpp_turtle/action/measure_lap_time.hpp"[m[K
[5.792s]       |          [01;31m[K^~~~~~~~~~~~~~~~~~~~~~~~~~~~~~~~~~~~~~~~[m[K
[5.792s] compilation terminated.
[5.795s] gmake[2]: *** [CMakeFiles/lap_time_action_client.dir/build.make:76: CMakeFiles/lap_time_action_client.dir/src/lap_time_action_client.cpp.o] Error 1
[5.795s] gmake[1]: *** [CMakeFiles/Makefile2:624: CMakeFiles/lap_time_action_client.dir/all] Error 2
[5.843s] [ 31%] [32mBuilding CXX object CMakeFiles/cpp_turtle__rosidl_typesupport_cpp.dir/rosidl_typesupport_cpp/cpp_turtle/srv/find_wall__type_support.cpp.o[0m
[5.860s] [ 34%] [32mBuilding CXX object CMakeFiles/cpp_turtle__rosidl_typesupport_introspection_cpp.dir/rosidl_typesupport_introspection_cpp/cpp_turtle/srv/detail/find_wall__type_support.cpp.o[0m
[7.023s] [ 36%] [32m[1mLinking CXX shared library libcpp_turtle__rosidl_typesupport_cpp.so[0m
[7.459s] [ 38%] Built target cpp_turtle__rosidl_typesupport_cpp
[7.588s] [ 40%] [32m[1mLinking CXX shared library libcpp_turtle__rosidl_typesupport_fastrtps_cpp.so[0m
[7.829s] [ 42%] Built target cpp_turtle__rosidl_typesupport_fastrtps_cpp
[8.029s] [ 44%] [32m[1mLinking CXX shared library libcpp_turtle__rosidl_typesupport_introspection_cpp.so[0m
[8.211s] [ 46%] Built target cpp_turtle__rosidl_typesupport_introspection_cpp
[8.216s] gmake: *** [Makefile:146: all] Error 2
[8.221s] Invoked command in '/home/robot/Desktop/Session09/Johnny-Answers-Session09/build/cpp_turtle' returned '2': CMAKE_PREFIX_PATH=/opt/ros/humble /usr/bin/cmake --build /home/robot/Desktop/Session09/Johnny-Answers-Session09/build/cpp_turtle -- -j6 -l6
