[  4%] Built target initNode
[  6%] Built target cpp_turtle__cpp
[ 14%] Built target cpp_turtle__rosidl_generator_c
[ 14%] Built target ament_cmake_python_copy_cpp_turtle
[ 25%] Built target cpp_turtle__rosidl_typesupport_cpp
[ 31%] Built target cpp_turtle__rosidl_typesupport_fastrtps_cpp
[ 40%] Built target cpp_turtle__rosidl_typesupport_introspection_cpp
[ 48%] Built target cpp_turtle__rosidl_typesupport_fastrtps_c
[ 57%] Built target cpp_turtle__rosidl_typesupport_c
[ 61%] Built target lap_time_action_client
[ 70%] Built target cpp_turtle__rosidl_typesupport_introspection_c
[35m[1mConsolidate compiler generated dependencies of target robot_driver[0m
[ 74%] Built target lap_time_action_server
[ 76%] [32mBuilding CXX object CMakeFiles/robot_driver.dir/src/robot_driver.cpp.o[0m
[ 76%] Built target cpp_turtle
[ 78%] Built target cpp_turtle__py
[ 85%] Built target cpp_turtle__rosidl_generator_py
running egg_info
writing cpp_turtle.egg-info/PKG-INFO
writing dependency_links to cpp_turtle.egg-info/dependency_links.txt
writing top-level names to cpp_turtle.egg-info/top_level.txt
reading manifest file 'cpp_turtle.egg-info/SOURCES.txt'
writing manifest file 'cpp_turtle.egg-info/SOURCES.txt'
[ 89%] Built target cpp_turtle__rosidl_typesupport_introspection_c__pyext
[ 93%] Built target cpp_turtle__rosidl_typesupport_fastrtps_c__pyext
[ 97%] Built target cpp_turtle__rosidl_typesupport_c__pyext
[ 97%] Built target ament_cmake_python_build_cpp_turtle_egg
[01m[K/home/robot/Desktop/Session09/Johnny-Answers-Session09/src/cpp_turtle/src/robot_driver.cpp:[m[K In member function â€˜[01m[Kfloat RobotDriver::getFrontRegion(sensor_msgs::msg::LaserScan_<std::allocator<void> >::SharedPtr)[m[Kâ€™:
[01m[K/home/robot/Desktop/Session09/Johnny-Answers-Session09/src/cpp_turtle/src/robot_driver.cpp:82:9:[m[K [01;31m[Kerror: [m[Kreturn-statement with no value, in function returning â€˜[01m[Kfloat[m[Kâ€™ [[01;31m[K]8;;https://gcc.gnu.org/onlinedocs/gcc/Warning-Options.html#index-fpermissive-fpermissive]8;;[m[K]
   82 |         [01;31m[Kreturn[m[K;
      |         [01;31m[K^~~~~~[m[K
gmake[2]: *** [CMakeFiles/robot_driver.dir/build.make:76: CMakeFiles/robot_driver.dir/src/robot_driver.cpp.o] Error 1
gmake[1]: *** [CMakeFiles/Makefile2:679: CMakeFiles/robot_driver.dir/all] Error 2
gmake: *** [Makefile:146: all] Error 2
