[0.031s] Invoking command in '/home/robot/Desktop/Session09/Johnny-Answers-Session09/build/cpp_turtle': CMAKE_PREFIX_PATH=/opt/ros/humble /usr/bin/cmake --build /home/robot/Desktop/Session09/Johnny-Answers-Session09/build/cpp_turtle -- -j6 -l6
[0.137s] -- Found ament_cmake: 1.3.9 (/opt/ros/humble/share/ament_cmake/cmake)
[0.499s] -- Found ament_lint_auto: 0.12.11 (/opt/ros/humble/share/ament_lint_auto/cmake)
[0.655s] -- Found rosidl_default_generators: 1.2.0 (/opt/ros/humble/share/rosidl_default_generators/cmake)
[0.664s] -- Using all available rosidl_typesupport_c: rosidl_typesupport_fastrtps_c;rosidl_typesupport_introspection_c
[0.678s] -- Found rosidl_adapter: 3.1.5 (/opt/ros/humble/share/rosidl_adapter/cmake)
[0.820s] -- Using all available rosidl_typesupport_cpp: rosidl_typesupport_fastrtps_cpp;rosidl_typesupport_introspection_cpp
[0.930s] -- Found rclcpp: 16.0.9 (/opt/ros/humble/share/rclcpp/cmake)
[1.212s] -- Found rmw_implementation_cmake: 6.1.2 (/opt/ros/humble/share/rmw_implementation_cmake/cmake)
[1.226s] -- Found rmw_fastrtps_cpp: 6.2.6 (/opt/ros/humble/share/rmw_fastrtps_cpp/cmake)
[1.551s] -- Using RMW implementation 'rmw_fastrtps_cpp' as default
[2.010s] -- Found geometry_msgs: 4.2.4 (/opt/ros/humble/share/geometry_msgs/cmake)
[2.133s] -- Found sensor_msgs: 4.2.4 (/opt/ros/humble/share/sensor_msgs/cmake)
[2.938s] -- Found ament_cmake_ros: 0.10.0 (/opt/ros/humble/share/ament_cmake_ros/cmake)
[3.356s] -- Using all available rosidl_typesupport_c: rosidl_typesupport_fastrtps_c;rosidl_typesupport_introspection_c
[3.884s] -- Using all available rosidl_typesupport_cpp: rosidl_typesupport_fastrtps_cpp;rosidl_typesupport_introspection_cpp
[3.936s] -- Found python_cmake_module: 0.10.0 (/opt/ros/humble/share/python_cmake_module/cmake)
[3.988s] -- Using PYTHON_EXECUTABLE: /usr/bin/python3
[3.988s] -- Using PYTHON_INCLUDE_DIRS: /usr/include/python3.10
[3.988s] -- Using PYTHON_LIBRARIES: /usr/lib/x86_64-linux-gnu/libpython3.10.so
[4.047s] -- Added test 'cppcheck' to perform static code analysis on C / C++ code
[4.062s] -- Configured cppcheck include dirs: /home/robot/Desktop/Session09/Johnny-Answers-Session09/src/cpp_turtle/include;$<BUILD_INTERFACE:/home/robot/Desktop/Session09/Johnny-Answers-Session09/src/cpp_turtle/include>
[4.062s] -- Configured cppcheck exclude dirs and/or files: 
[4.064s] -- Added test 'flake8' to check Python code syntax and style conventions
[4.067s] -- Added test 'lint_cmake' to check CMake code style
[4.070s] -- Added test 'pep257' to check Python code against some of the docstring style conventions in PEP 257
[4.075s] -- Added test 'uncrustify' to check C / C++ code style
[4.075s] -- Configured uncrustify additional arguments: 
[4.077s] -- Added test 'xmllint' to check XML markup files
[4.114s] -- Configuring done
[4.259s] -- Generating done
[4.271s] -- Build files have been written to: /home/robot/Desktop/Session09/Johnny-Answers-Session09/build/cpp_turtle
[4.362s] [35m[1mConsolidate compiler generated dependencies of target initNode[0m
[4.366s] [  2%] Built target cpp_turtle__cpp
[4.381s] [35m[1mConsolidate compiler generated dependencies of target cpp_turtle__rosidl_generator_c[0m
[4.415s] [  4%] [32mBuilding CXX object CMakeFiles/lap_time_action_server.dir/src/lap_time_action_server.cpp.o[0m
[4.436s] [  8%] Built target initNode
[4.446s] [ 17%] Built target cpp_turtle__rosidl_generator_c
[4.465s] [ 19%] [32mBuilding CXX object CMakeFiles/lap_time_action_client.dir/src/lap_time_action_client.cpp.o[0m
[4.488s] [ 19%] Built target ament_cmake_python_copy_cpp_turtle
[4.492s] [ 21%] [32mBuilding CXX object CMakeFiles/robot_driver.dir/src/robot_driver.cpp.o[0m
[4.497s] [35m[1mConsolidate compiler generated dependencies of target cpp_turtle__rosidl_typesupport_fastrtps_cpp[0m
[4.503s] [35m[1mConsolidate compiler generated dependencies of target cpp_turtle__rosidl_typesupport_cpp[0m
[4.560s] [35m[1mConsolidate compiler generated dependencies of target cpp_turtle__rosidl_typesupport_introspection_cpp[0m
[4.560s] [ 38%] Built target cpp_turtle__rosidl_typesupport_cpp
[4.560s] [ 38%] Built target cpp_turtle__rosidl_typesupport_fastrtps_cpp
[4.650s] [ 46%] Built target cpp_turtle__rosidl_typesupport_introspection_cpp
[4.770s] [35m[1mConsolidate compiler generated dependencies of target cpp_turtle__rosidl_typesupport_fastrtps_c[0m
[4.783s] [35m[1mConsolidate compiler generated dependencies of target cpp_turtle__rosidl_typesupport_introspection_c[0m
[4.841s] [ 55%] Built target cpp_turtle__rosidl_typesupport_fastrtps_c
[4.955s] [ 63%] Built target cpp_turtle__rosidl_typesupport_introspection_c
[4.966s] [35m[1mConsolidate compiler generated dependencies of target cpp_turtle__rosidl_typesupport_c[0m
[5.071s] [ 72%] Built target cpp_turtle__rosidl_typesupport_c
[5.274s] [ 72%] Built target cpp_turtle
[5.421s] [ 74%] Built target cpp_turtle__py
[5.477s] running egg_info
[5.477s] writing cpp_turtle.egg-info/PKG-INFO
[5.478s] writing dependency_links to cpp_turtle.egg-info/dependency_links.txt
[5.478s] writing top-level names to cpp_turtle.egg-info/top_level.txt
[5.482s] reading manifest file 'cpp_turtle.egg-info/SOURCES.txt'
[5.487s] writing manifest file 'cpp_turtle.egg-info/SOURCES.txt'
[5.502s] [35m[1mConsolidate compiler generated dependencies of target cpp_turtle__rosidl_generator_py[0m
[5.541s] [ 80%] Built target cpp_turtle__rosidl_generator_py
[5.551s] [ 80%] Built target ament_cmake_python_build_cpp_turtle_egg
[5.598s] [35m[1mConsolidate compiler generated dependencies of target cpp_turtle__rosidl_typesupport_fastrtps_c__pyext[0m
[5.615s] [35m[1mConsolidate compiler generated dependencies of target cpp_turtle__rosidl_typesupport_introspection_c__pyext[0m
[5.615s] [35m[1mConsolidate compiler generated dependencies of target cpp_turtle__rosidl_typesupport_c__pyext[0m
[5.681s] [ 85%] Built target cpp_turtle__rosidl_typesupport_introspection_c__pyext
[5.698s] [ 89%] Built target cpp_turtle__rosidl_typesupport_fastrtps_c__pyext
[5.708s] [ 93%] Built target cpp_turtle__rosidl_typesupport_c__pyext
[5.998s] In file included from [01m[K/opt/ros/humble/include/rclcpp/rclcpp/subscription_options.hpp:30[m[K,
[5.999s]                  from [01m[K/opt/ros/humble/include/rclcpp/rclcpp/subscription.hpp:45[m[K,
[5.999s]                  from [01m[K/opt/ros/humble/include/rclcpp/rclcpp/any_executable.hpp:25[m[K,
[5.999s]                  from [01m[K/opt/ros/humble/include/rclcpp/rclcpp/memory_strategy.hpp:25[m[K,
[5.999s]                  from [01m[K/opt/ros/humble/include/rclcpp/rclcpp/memory_strategies.hpp:18[m[K,
[6.000s]                  from [01m[K/opt/ros/humble/include/rclcpp/rclcpp/executor_options.hpp:20[m[K,
[6.000s]                  from [01m[K/opt/ros/humble/include/rclcpp/rclcpp/executor.hpp:37[m[K,
[6.000s]                  from [01m[K/opt/ros/humble/include/rclcpp/rclcpp/executors/multi_threaded_executor.hpp:25[m[K,
[6.000s]                  from [01m[K/opt/ros/humble/include/rclcpp/rclcpp/executors.hpp:21[m[K,
[6.000s]                  from [01m[K/opt/ros/humble/include/rclcpp/rclcpp/rclcpp.hpp:155[m[K,
[6.001s]                  from [01m[K/home/robot/Desktop/Session09/Johnny-Answers-Session09/src/cpp_turtle/src/robot_driver.hpp:4[m[K,
[6.001s]                  from [01m[K/home/robot/Desktop/Session09/Johnny-Answers-Session09/src/cpp_turtle/src/robot_driver.cpp:1[m[K:
[6.001s] [01m[K/opt/ros/humble/include/rclcpp/rclcpp/qos_overriding_options.hpp:28:10:[m[K [01;31m[Kfatal error: [m[Krcl_interfaces/msg/set_parameters_result.hpp: No such file or directory
[6.001s]    28 | #include [01;31m[K"rcl_interfaces/msg/set_parameters_result.hpp"[m[K
[6.001s]       |          [01;31m[K^~~~~~~~~~~~~~~~~~~~~~~~~~~~~~~~~~~~~~~~~~~~~~[m[K
[6.001s] compilation terminated.
[6.002s] In file included from [01m[K/opt/ros/humble/include/rclcpp/rclcpp/subscription_options.hpp:30[m[K,
[6.002s]                  from [01m[K/opt/ros/humble/include/rclcpp/rclcpp/subscription.hpp:45[m[K,
[6.002s]                  from [01m[K/opt/ros/humble/include/rclcpp/rclcpp/any_executable.hpp:25[m[K,
[6.005s]                  from [01m[K/opt/ros/humble/include/rclcpp/rclcpp/memory_strategy.hpp:25[m[K,
[6.005s]                  from [01m[K/opt/ros/humble/include/rclcpp/rclcpp/memory_strategies.hpp:18[m[K,
[6.006s]                  from [01m[K/opt/ros/humble/include/rclcpp/rclcpp/executor_options.hpp:20[m[K,
[6.006s]                  from [01m[K/opt/ros/humble/include/rclcpp/rclcpp/executor.hpp:37[m[K,
[6.006s]                  from [01m[K/opt/ros/humble/include/rclcpp/rclcpp/executors/multi_threaded_executor.hpp:25[m[K,
[6.006s]                  from [01m[K/opt/ros/humble/include/rclcpp/rclcpp/executors.hpp:21[m[K,
[6.006s]                  from [01m[K/opt/ros/humble/include/rclcpp/rclcpp/rclcpp.hpp:155[m[K,
[6.006s]                  from [01m[K/home/robot/Desktop/Session09/Johnny-Answers-Session09/src/cpp_turtle/src/lap_time_action_server.hpp:4[m[K,
[6.006s]                  from [01m[K/home/robot/Desktop/Session09/Johnny-Answers-Session09/src/cpp_turtle/src/lap_time_action_server.cpp:1[m[K:
[6.007s] [01m[K/opt/ros/humble/include/rclcpp/rclcpp/qos_overriding_options.hpp:28:10:[m[K [01;31m[Kfatal error: [m[Krcl_interfaces/msg/set_parameters_result.hpp: No such file or directory
[6.007s]    28 | #include [01;31m[K"rcl_interfaces/msg/set_parameters_result.hpp"[m[K
[6.007s]       |          [01;31m[K^~~~~~~~~~~~~~~~~~~~~~~~~~~~~~~~~~~~~~~~~~~~~~[m[K
[6.007s] compilation terminated.
[6.007s] In file included from [01m[K/opt/ros/humble/include/rclcpp/rclcpp/subscription_options.hpp:30[m[K,
[6.007s]                  from [01m[K/opt/ros/humble/include/rclcpp/rclcpp/subscription.hpp:45[m[K,
[6.008s]                  from [01m[K/opt/ros/humble/include/rclcpp/rclcpp/any_executable.hpp:25[m[K,
[6.008s]                  from [01m[K/opt/ros/humble/include/rclcpp/rclcpp/memory_strategy.hpp:25[m[K,
[6.008s]                  from [01m[K/opt/ros/humble/include/rclcpp/rclcpp/memory_strategies.hpp:18[m[K,
[6.008s]                  from [01m[K/opt/ros/humble/include/rclcpp/rclcpp/executor_options.hpp:20[m[K,
[6.008s]                  from [01m[K/opt/ros/humble/include/rclcpp/rclcpp/executor.hpp:37[m[K,
[6.008s]                  from [01m[K/opt/ros/humble/include/rclcpp/rclcpp/executors/multi_threaded_executor.hpp:25[m[K,
[6.008s]                  from [01m[K/opt/ros/humble/include/rclcpp/rclcpp/executors.hpp:21[m[K,
[6.009s]                  from [01m[K/opt/ros/humble/include/rclcpp/rclcpp/rclcpp.hpp:155[m[K,
[6.009s]                  from [01m[K/home/robot/Desktop/Session09/Johnny-Answers-Session09/src/cpp_turtle/src/lap_time_action_client.hpp:4[m[K,
[6.009s]                  from [01m[K/home/robot/Desktop/Session09/Johnny-Answers-Session09/src/cpp_turtle/src/lap_time_action_client.cpp:1[m[K:
[6.009s] [01m[K/opt/ros/humble/include/rclcpp/rclcpp/qos_overriding_options.hpp:28:10:[m[K [01;31m[Kfatal error: [m[Krcl_interfaces/msg/set_parameters_result.hpp: No such file or directory
[6.009s]    28 | #include [01;31m[K"rcl_interfaces/msg/set_parameters_result.hpp"[m[K
[6.010s]       |          [01;31m[K^~~~~~~~~~~~~~~~~~~~~~~~~~~~~~~~~~~~~~~~~~~~~~[m[K
[6.010s] compilation terminated.
[6.010s] gmake[2]: *** [CMakeFiles/lap_time_action_server.dir/build.make:76: CMakeFiles/lap_time_action_server.dir/src/lap_time_action_server.cpp.o] Error 1
[6.010s] gmake[2]: *** [CMakeFiles/lap_time_action_client.dir/build.make:76: CMakeFiles/lap_time_action_client.dir/src/lap_time_action_client.cpp.o] Error 1
[6.010s] gmake[1]: *** [CMakeFiles/Makefile2:650: CMakeFiles/lap_time_action_server.dir/all] Error 2
[6.010s] gmake[1]: *** Waiting for unfinished jobs....
[6.011s] gmake[1]: *** [CMakeFiles/Makefile2:624: CMakeFiles/lap_time_action_client.dir/all] Error 2
[6.011s] gmake[2]: *** [CMakeFiles/robot_driver.dir/build.make:76: CMakeFiles/robot_driver.dir/src/robot_driver.cpp.o] Error 1
[6.011s] gmake[1]: *** [CMakeFiles/Makefile2:676: CMakeFiles/robot_driver.dir/all] Error 2
[6.011s] gmake: *** [Makefile:146: all] Error 2
[6.023s] Invoked command in '/home/robot/Desktop/Session09/Johnny-Answers-Session09/build/cpp_turtle' returned '2': CMAKE_PREFIX_PATH=/opt/ros/humble /usr/bin/cmake --build /home/robot/Desktop/Session09/Johnny-Answers-Session09/build/cpp_turtle -- -j6 -l6
